  [4;36;1mSQL (0.5ms)[0m   [0;1m SELECT name
 FROM sqlite_master
 WHERE type = 'table' AND NOT name = 'sqlite_sequence'
[0m
  [4;35;1mSQL (0.1ms)[0m   [0mselect sqlite_version(*)[0m
  [4;36;1mSQL (1.4ms)[0m   [0;1mCREATE TABLE "schema_migrations" ("version" varchar(255) NOT NULL) [0m
  [4;35;1mSQL (0.1ms)[0m   [0mPRAGMA index_list("schema_migrations")[0m
  [4;36;1mSQL (0.8ms)[0m   [0;1mCREATE UNIQUE INDEX "unique_schema_migrations" ON "schema_migrations" ("version")[0m
  [4;35;1mSQL (0.1ms)[0m   [0m SELECT name
 FROM sqlite_master
 WHERE type = 'table' AND NOT name = 'sqlite_sequence'
[0m
  [4;36;1mSQL (0.1ms)[0m   [0;1mSELECT version FROM schema_migrations[0m
Migrating to CreateUsers (20140107233020)
  [4;35;1mSQL (0.3ms)[0m   [0mCREATE TABLE "users" ("id" INTEGER PRIMARY KEY AUTOINCREMENT NOT NULL, "nom" varchar(255), "email" varchar(255), "created_at" datetime, "updated_at" datetime) [0m
  [4;36;1mSQL (0.1ms)[0m   [0;1mINSERT INTO schema_migrations (version) VALUES ('20140107233020')[0m
  [4;35;1mSQL (0.1ms)[0m   [0m SELECT name
 FROM sqlite_master
 WHERE type = 'table' AND NOT name = 'sqlite_sequence'
[0m
  [4;36;1mSQL (0.1ms)[0m   [0;1mSELECT version FROM schema_migrations[0m
  [4;35;1mSQL (0.1ms)[0m   [0m SELECT name
 FROM sqlite_master
 WHERE type = 'table' AND NOT name = 'sqlite_sequence'
[0m
  [4;36;1mSQL (0.1ms)[0m   [0;1mPRAGMA index_list("users")[0m


Processing Rails::InfoController#properties (for 127.0.0.1 at 2014-01-07 18:43:47) [GET]
  [4;36;1mSQL (0.7ms)[0m   [0;1m SELECT name
 FROM sqlite_master
 WHERE type = 'table' AND NOT name = 'sqlite_sequence'
[0m
  [4;35;1mSQL (0.1ms)[0m   [0mSELECT version FROM schema_migrations[0m
Completed in 11ms (View: 1, DB: 1) | 200 OK [http://localhost/rails/info/properties]


Processing UsersController#index (for 127.0.0.1 at 2014-01-07 18:45:51) [GET]
  [4;36;1mUser Load (0.3ms)[0m   [0;1mSELECT * FROM "users" [0m
Rendering template within layouts/users
Rendering users/index
Completed in 14ms (View: 10, DB: 0) | 200 OK [http://localhost/users]


Processing UsersController#new (for 127.0.0.1 at 2014-01-07 18:46:26) [GET]
Rendering template within layouts/users
Rendering users/new
Completed in 16ms (View: 13, DB: 0) | 200 OK [http://localhost/users/new]


Processing UsersController#create (for 127.0.0.1 at 2014-01-07 18:46:35) [POST]
  Parameters: {"commit"=>"Create", "authenticity_token"=>"EOtmx+PRVA2UyC/opBJz6E4/kT7wxzoey03iVyaSAno=", "user"=>{"email"=>"dufault.f@gmail.com", "nom"=>"Francois "}}
  [4;35;1mUser Create (0.5ms)[0m   [0mINSERT INTO "users" ("nom", "email", "updated_at", "created_at") VALUES('Francois ', 'dufault.f@gmail.com', '2014-01-07 23:46:35', '2014-01-07 23:46:35')[0m
Redirected to http://localhost:3000/users/1
Completed in 8ms (DB: 1) | 302 Found [http://localhost/users]


Processing UsersController#show (for 127.0.0.1 at 2014-01-07 18:46:35) [GET]
  Parameters: {"id"=>"1"}
  [4;36;1mUser Load (0.1ms)[0m   [0;1mSELECT * FROM "users" WHERE ("users"."id" = 1) [0m
Rendering template within layouts/users
Rendering users/show
Completed in 66ms (View: 62, DB: 0) | 200 OK [http://localhost/users/1]


Processing UsersController#edit (for 127.0.0.1 at 2014-01-07 18:46:53) [GET]
  Parameters: {"id"=>"1"}
  [4;35;1mUser Load (0.2ms)[0m   [0mSELECT * FROM "users" WHERE ("users"."id" = 1) [0m
Rendering template within layouts/users
Rendering users/edit
Completed in 13ms (View: 9, DB: 0) | 200 OK [http://localhost/users/1/edit]


Processing UsersController#show (for 127.0.0.1 at 2014-01-07 18:46:54) [GET]
  Parameters: {"id"=>"1"}
  [4;36;1mUser Load (0.2ms)[0m   [0;1mSELECT * FROM "users" WHERE ("users"."id" = 1) [0m
Rendering template within layouts/users
Rendering users/show
Completed in 7ms (View: 2, DB: 0) | 200 OK [http://localhost/users/1]


Processing UsersController#index (for 127.0.0.1 at 2014-01-07 18:46:55) [GET]
  [4;35;1mUser Load (0.4ms)[0m   [0mSELECT * FROM "users" [0m
Rendering template within layouts/users
Rendering users/index
Completed in 8ms (View: 5, DB: 0) | 200 OK [http://localhost/users]


Processing UsersController#edit (for 127.0.0.1 at 2014-01-07 18:46:58) [GET]
  Parameters: {"id"=>"1"}
  [4;36;1mUser Load (0.1ms)[0m   [0;1mSELECT * FROM "users" WHERE ("users"."id" = 1) [0m
Rendering template within layouts/users
Rendering users/edit
Completed in 10ms (View: 6, DB: 0) | 200 OK [http://localhost/users/1/edit]


Processing UsersController#show (for 127.0.0.1 at 2014-01-07 18:47:22) [GET]
  Parameters: {"id"=>"1"}
  [4;35;1mUser Load (0.1ms)[0m   [0mSELECT * FROM "users" WHERE ("users"."id" = 1) [0m
Rendering template within layouts/users
Rendering users/show
Completed in 6ms (View: 2, DB: 0) | 200 OK [http://localhost/users/1]


Processing UsersController#index (for 127.0.0.1 at 2014-01-07 18:47:41) [GET]
  [4;36;1mUser Load (0.5ms)[0m   [0;1mSELECT * FROM "users" [0m
Rendering template within layouts/users
Rendering users/index
Completed in 8ms (View: 4, DB: 0) | 200 OK [http://localhost/users]


Processing UsersController#new (for 127.0.0.1 at 2014-01-07 18:47:41) [GET]
Rendering template within layouts/users
Rendering users/new
Completed in 9ms (View: 6, DB: 0) | 200 OK [http://localhost/users/new]


Processing UsersController#create (for 127.0.0.1 at 2014-01-07 18:47:47) [POST]
  Parameters: {"commit"=>"Create", "authenticity_token"=>"EOtmx+PRVA2UyC/opBJz6E4/kT7wxzoey03iVyaSAno=", "user"=>{"email"=>"foo@gmail.com", "nom"=>"Foo"}}
  [4;35;1mUser Create (0.3ms)[0m   [0mINSERT INTO "users" ("nom", "email", "updated_at", "created_at") VALUES('Foo', 'foo@gmail.com', '2014-01-07 23:47:47', '2014-01-07 23:47:47')[0m
Redirected to http://localhost:3000/users/2
Completed in 7ms (DB: 0) | 302 Found [http://localhost/users]


Processing UsersController#show (for 127.0.0.1 at 2014-01-07 18:47:47) [GET]
  Parameters: {"id"=>"2"}
  [4;36;1mUser Load (0.1ms)[0m   [0;1mSELECT * FROM "users" WHERE ("users"."id" = 2) [0m
Rendering template within layouts/users
Rendering users/show
Completed in 6ms (View: 2, DB: 0) | 200 OK [http://localhost/users/2]


Processing UsersController#index (for 127.0.0.1 at 2014-01-07 18:47:50) [GET]
  [4;35;1mUser Load (0.6ms)[0m   [0mSELECT * FROM "users" [0m
Rendering template within layouts/users
Rendering users/index
Completed in 12ms (View: 7, DB: 1) | 200 OK [http://localhost/users]
  [4;36;1mSQL (0.6ms)[0m   [0;1m SELECT name
 FROM sqlite_master
 WHERE type = 'table' AND NOT name = 'sqlite_sequence'
[0m
  [4;35;1mSQL (0.1ms)[0m   [0mSELECT version FROM schema_migrations[0m
Migrating to CreateUsers (20140107233020)
Migrating to CreateMicroposts (20140108000738)
  [4;36;1mSQL (0.1ms)[0m   [0;1mselect sqlite_version(*)[0m
  [4;35;1mSQL (0.4ms)[0m   [0mCREATE TABLE "microposts" ("id" INTEGER PRIMARY KEY AUTOINCREMENT NOT NULL, "content" varchar(255), "user_id" integer, "created_at" datetime, "updated_at" datetime) [0m
  [4;36;1mSQL (0.1ms)[0m   [0;1mINSERT INTO schema_migrations (version) VALUES ('20140108000738')[0m
  [4;35;1mSQL (0.1ms)[0m   [0m SELECT name
 FROM sqlite_master
 WHERE type = 'table' AND NOT name = 'sqlite_sequence'
[0m
  [4;36;1mSQL (0.1ms)[0m   [0;1mSELECT version FROM schema_migrations[0m
  [4;35;1mSQL (0.1ms)[0m   [0m SELECT name
 FROM sqlite_master
 WHERE type = 'table' AND NOT name = 'sqlite_sequence'
[0m
  [4;36;1mSQL (0.1ms)[0m   [0;1mPRAGMA index_list("microposts")[0m
  [4;35;1mSQL (0.1ms)[0m   [0mPRAGMA index_list("users")[0m


Processing ApplicationController#index (for 127.0.0.1 at 2014-01-07 19:10:08) [GET]

ActionController::RoutingError (No route matches "/micropost" with {:method=>:get}):
  /usr/local/rvm/rubies/ruby-1.8.7-p374/lib/ruby/1.8/webrick/httpserver.rb:104:in `service'
  /usr/local/rvm/rubies/ruby-1.8.7-p374/lib/ruby/1.8/webrick/httpserver.rb:65:in `run'
  /usr/local/rvm/rubies/ruby-1.8.7-p374/lib/ruby/1.8/webrick/server.rb:173:in `start_thread'
  /usr/local/rvm/rubies/ruby-1.8.7-p374/lib/ruby/1.8/webrick/server.rb:162:in `start'
  /usr/local/rvm/rubies/ruby-1.8.7-p374/lib/ruby/1.8/webrick/server.rb:162:in `start_thread'
  /usr/local/rvm/rubies/ruby-1.8.7-p374/lib/ruby/1.8/webrick/server.rb:95:in `start'
  /usr/local/rvm/rubies/ruby-1.8.7-p374/lib/ruby/1.8/webrick/server.rb:92:in `each'
  /usr/local/rvm/rubies/ruby-1.8.7-p374/lib/ruby/1.8/webrick/server.rb:92:in `start'
  /usr/local/rvm/rubies/ruby-1.8.7-p374/lib/ruby/1.8/webrick/server.rb:23:in `start'
  /usr/local/rvm/rubies/ruby-1.8.7-p374/lib/ruby/1.8/webrick/server.rb:82:in `start'

Rendering rescues/layout (not_found)


Processing MicropostsController#index (for 127.0.0.1 at 2014-01-07 19:10:11) [GET]
  [4;36;1mMicropost Load (0.8ms)[0m   [0;1mSELECT * FROM "microposts" [0m
Rendering template within layouts/microposts
Rendering microposts/index
Completed in 16ms (View: 11, DB: 1) | 200 OK [http://localhost/microposts]


Processing MicropostsController#new (for 127.0.0.1 at 2014-01-07 19:10:13) [GET]
Rendering template within layouts/microposts
Rendering microposts/new
Completed in 14ms (View: 10, DB: 0) | 200 OK [http://localhost/microposts/new]


Processing MicropostsController#create (for 127.0.0.1 at 2014-01-07 19:10:24) [POST]
  Parameters: {"micropost"=>{"content"=>"Un message", "user_id"=>"1"}, "commit"=>"Create", "authenticity_token"=>"EOtmx+PRVA2UyC/opBJz6E4/kT7wxzoey03iVyaSAno="}
  [4;35;1mMicropost Create (0.5ms)[0m   [0mINSERT INTO "microposts" ("content", "created_at", "user_id", "updated_at") VALUES('Un message', '2014-01-08 00:10:24', 1, '2014-01-08 00:10:24')[0m
Redirected to http://localhost:3000/microposts/1
Completed in 8ms (DB: 0) | 302 Found [http://localhost/microposts]


Processing MicropostsController#show (for 127.0.0.1 at 2014-01-07 19:10:24) [GET]
  Parameters: {"id"=>"1"}
  [4;36;1mMicropost Load (0.1ms)[0m   [0;1mSELECT * FROM "microposts" WHERE ("microposts"."id" = 1) [0m
Rendering template within layouts/microposts
Rendering microposts/show
Completed in 10ms (View: 6, DB: 0) | 200 OK [http://localhost/microposts/1]


Processing MicropostsController#index (for 127.0.0.1 at 2014-01-07 19:10:26) [GET]
  [4;35;1mMicropost Load (0.5ms)[0m   [0mSELECT * FROM "microposts" [0m
Rendering template within layouts/microposts
Rendering microposts/index
Completed in 8ms (View: 4, DB: 0) | 200 OK [http://localhost/microposts]


Processing MicropostsController#new (for 127.0.0.1 at 2014-01-07 19:10:27) [GET]
Rendering template within layouts/microposts
Rendering microposts/new
Completed in 9ms (View: 5, DB: 0) | 200 OK [http://localhost/microposts/new]


Processing MicropostsController#create (for 127.0.0.1 at 2014-01-07 19:10:35) [POST]
  Parameters: {"micropost"=>{"content"=>"Un deuxième message", "user_id"=>"1"}, "commit"=>"Create", "authenticity_token"=>"EOtmx+PRVA2UyC/opBJz6E4/kT7wxzoey03iVyaSAno="}
  [4;36;1mMicropost Create (0.6ms)[0m   [0;1mINSERT INTO "microposts" ("content", "created_at", "user_id", "updated_at") VALUES('Un deuxième message', '2014-01-08 00:10:35', 1, '2014-01-08 00:10:35')[0m
Redirected to http://localhost:3000/microposts/2
Completed in 15ms (DB: 1) | 302 Found [http://localhost/microposts]


Processing MicropostsController#show (for 127.0.0.1 at 2014-01-07 19:10:35) [GET]
  Parameters: {"id"=>"2"}
  [4;35;1mMicropost Load (0.1ms)[0m   [0mSELECT * FROM "microposts" WHERE ("microposts"."id" = 2) [0m
Rendering template within layouts/microposts
Rendering microposts/show
Completed in 6ms (View: 2, DB: 0) | 200 OK [http://localhost/microposts/2]


Processing MicropostsController#index (for 127.0.0.1 at 2014-01-07 19:10:36) [GET]
  [4;36;1mMicropost Load (0.4ms)[0m   [0;1mSELECT * FROM "microposts" [0m
Rendering template within layouts/microposts
Rendering microposts/index
Completed in 9ms (View: 6, DB: 0) | 200 OK [http://localhost/microposts]


Processing MicropostsController#new (for 127.0.0.1 at 2014-01-07 19:12:47) [GET]
Rendering template within layouts/microposts
Rendering microposts/new
Completed in 10ms (View: 6, DB: 0) | 200 OK [http://localhost/microposts/new]


Processing MicropostsController#create (for 127.0.0.1 at 2014-01-07 19:13:02) [POST]
  Parameters: {"micropost"=>{"content"=>"Start simple. Movies should have, at minimum a title, a description and a movie poster. Columns for other data like release date, rating or quantity on hand can be added later by altering the table through migrations. The next step is to create a model whose job will be to manage the data stored in the database.", "user_id"=>"12"}, "commit"=>"Create", "authenticity_token"=>"EOtmx+PRVA2UyC/opBJz6E4/kT7wxzoey03iVyaSAno="}
Rendering template within layouts/microposts
Rendering microposts/new
Completed in 12ms (View: 7, DB: 0) | 200 OK [http://localhost/microposts]
  [4;36;1mUser Load (0.7ms)[0m   [0;1mSELECT * FROM "users" LIMIT 1[0m
  [4;35;1mMicropost Load (0.3ms)[0m   [0mSELECT * FROM "microposts" WHERE ("microposts".user_id = 1) [0m


Processing Rails::InfoController#properties (for 127.0.0.1 at 2014-01-07 19:56:04) [GET]
  [4;35;1mSQL (0.4ms)[0m   [0m SELECT name
 FROM sqlite_master
 WHERE type = 'table' AND NOT name = 'sqlite_sequence'
[0m
  [4;36;1mSQL (0.1ms)[0m   [0;1mSELECT version FROM schema_migrations[0m
Completed in 65ms (View: 1, DB: 0) | 200 OK [http://0.0.0.0/rails/info/properties]
