# Logfile created on Tue Jan 07 18:25:10 -0500 2014 by logger.rb/1.2.6
I, [2014-01-07T18:25:10.830429 #1521]  INFO -- : 0:  rake (10.1.1) from /usr/local/rvm/gems/ruby-1.8.7-p374@global/specifications/rake-10.1.1.gemspec
I, [2014-01-07T18:25:10.831138 #1521]  INFO -- : 0:  activesupport (2.3.18) from /usr/local/rvm/gems/ruby-1.8.7-p374@rails2tutorial/specifications/activesupport-2.3.18.gemspec
I, [2014-01-07T18:25:10.831706 #1521]  INFO -- : 0:  rack (1.1.6) from /usr/local/rvm/gems/ruby-1.8.7-p374@rails2tutorial/specifications/rack-1.1.6.gemspec
I, [2014-01-07T18:25:10.832263 #1521]  INFO -- : 0:  actionpack (2.3.18) from /usr/local/rvm/gems/ruby-1.8.7-p374@rails2tutorial/specifications/actionpack-2.3.18.gemspec
I, [2014-01-07T18:25:10.832824 #1521]  INFO -- : 0:  actionmailer (2.3.18) from /usr/local/rvm/gems/ruby-1.8.7-p374@rails2tutorial/specifications/actionmailer-2.3.18.gemspec
I, [2014-01-07T18:25:10.833387 #1521]  INFO -- : 0:  activerecord (2.3.18) from /usr/local/rvm/gems/ruby-1.8.7-p374@rails2tutorial/specifications/activerecord-2.3.18.gemspec
I, [2014-01-07T18:25:10.833964 #1521]  INFO -- : 0:  activeresource (2.3.18) from /usr/local/rvm/gems/ruby-1.8.7-p374@rails2tutorial/specifications/activeresource-2.3.18.gemspec
I, [2014-01-07T18:25:10.834530 #1521]  INFO -- : 0:  rails (2.3.18) from /usr/local/rvm/gems/ruby-1.8.7-p374@rails2tutorial/specifications/rails-2.3.18.gemspec
I, [2014-01-07T18:25:10.835094 #1521]  INFO -- : 0:  sqlite3-ruby (1.3.2) from /usr/local/rvm/gems/ruby-1.8.7-p374@rails2tutorial/specifications/sqlite3-ruby-1.3.2.gemspec
I, [2014-01-07T18:25:10.835657 #1521]  INFO -- : 0:  bundler (1.5.1) from /usr/local/rvm/gems/ruby-1.8.7-p374@rails2tutorial/specifications/bundler-1.5.1.gemspec
I, [2014-01-07T18:41:38.644057 #1736]  INFO -- : 0:  rake (10.1.1) from /usr/local/rvm/gems/ruby-1.8.7-p374@global/specifications/rake-10.1.1.gemspec
I, [2014-01-07T18:41:38.645038 #1736]  INFO -- : 0:  activesupport (2.3.18) from /usr/local/rvm/gems/ruby-1.8.7-p374@rails2tutorial/specifications/activesupport-2.3.18.gemspec
I, [2014-01-07T18:41:38.645646 #1736]  INFO -- : 0:  rack (1.1.6) from /usr/local/rvm/gems/ruby-1.8.7-p374@rails2tutorial/specifications/rack-1.1.6.gemspec
I, [2014-01-07T18:41:38.646270 #1736]  INFO -- : 0:  actionpack (2.3.18) from /usr/local/rvm/gems/ruby-1.8.7-p374@rails2tutorial/specifications/actionpack-2.3.18.gemspec
I, [2014-01-07T18:41:38.646885 #1736]  INFO -- : 0:  actionmailer (2.3.18) from /usr/local/rvm/gems/ruby-1.8.7-p374@rails2tutorial/specifications/actionmailer-2.3.18.gemspec
I, [2014-01-07T18:41:38.647510 #1736]  INFO -- : 0:  activerecord (2.3.18) from /usr/local/rvm/gems/ruby-1.8.7-p374@rails2tutorial/specifications/activerecord-2.3.18.gemspec
I, [2014-01-07T18:41:38.648124 #1736]  INFO -- : 0:  activeresource (2.3.18) from /usr/local/rvm/gems/ruby-1.8.7-p374@rails2tutorial/specifications/activeresource-2.3.18.gemspec
I, [2014-01-07T18:41:38.648744 #1736]  INFO -- : 0:  rails (2.3.18) from /usr/local/rvm/gems/ruby-1.8.7-p374@rails2tutorial/specifications/rails-2.3.18.gemspec
I, [2014-01-07T18:41:38.649357 #1736]  INFO -- : 0:  sqlite3-ruby (1.3.2) from /usr/local/rvm/gems/ruby-1.8.7-p374@rails2tutorial/specifications/sqlite3-ruby-1.3.2.gemspec
I, [2014-01-07T18:41:38.649942 #1736]  INFO -- : 0:  bundler (1.5.1) from /usr/local/rvm/gems/ruby-1.8.7-p374@rails2tutorial/specifications/bundler-1.5.1.gemspec
I, [2014-01-07T18:42:05.180996 #1738]  INFO -- : 0:  rake (10.1.1) from /usr/local/rvm/gems/ruby-1.8.7-p374@global/specifications/rake-10.1.1.gemspec
I, [2014-01-07T18:42:05.181978 #1738]  INFO -- : 0:  activesupport (2.3.18) from /usr/local/rvm/gems/ruby-1.8.7-p374@rails2tutorial/specifications/activesupport-2.3.18.gemspec
I, [2014-01-07T18:42:05.182552 #1738]  INFO -- : 0:  rack (1.1.6) from /usr/local/rvm/gems/ruby-1.8.7-p374@rails2tutorial/specifications/rack-1.1.6.gemspec
I, [2014-01-07T18:42:05.183103 #1738]  INFO -- : 0:  actionpack (2.3.18) from /usr/local/rvm/gems/ruby-1.8.7-p374@rails2tutorial/specifications/actionpack-2.3.18.gemspec
I, [2014-01-07T18:42:05.183651 #1738]  INFO -- : 0:  actionmailer (2.3.18) from /usr/local/rvm/gems/ruby-1.8.7-p374@rails2tutorial/specifications/actionmailer-2.3.18.gemspec
I, [2014-01-07T18:42:05.184234 #1738]  INFO -- : 0:  activerecord (2.3.18) from /usr/local/rvm/gems/ruby-1.8.7-p374@rails2tutorial/specifications/activerecord-2.3.18.gemspec
I, [2014-01-07T18:42:05.184798 #1738]  INFO -- : 0:  activeresource (2.3.18) from /usr/local/rvm/gems/ruby-1.8.7-p374@rails2tutorial/specifications/activeresource-2.3.18.gemspec
I, [2014-01-07T18:42:05.185351 #1738]  INFO -- : 0:  json (1.8.1) from /usr/local/rvm/gems/ruby-1.8.7-p374@rails2tutorial/specifications/json-1.8.1.gemspec
I, [2014-01-07T18:42:05.185911 #1738]  INFO -- : 0:  rails (2.3.18) from /usr/local/rvm/gems/ruby-1.8.7-p374@rails2tutorial/specifications/rails-2.3.18.gemspec
I, [2014-01-07T18:42:05.186458 #1738]  INFO -- : 0:  rdoc (4.1.0) from /usr/local/rvm/gems/ruby-1.8.7-p374@rails2tutorial/specifications/rdoc-4.1.0.gemspec
I, [2014-01-07T18:42:05.187012 #1738]  INFO -- : 0:  sqlite3-ruby (1.3.2) from /usr/local/rvm/gems/ruby-1.8.7-p374@rails2tutorial/specifications/sqlite3-ruby-1.3.2.gemspec
I, [2014-01-07T18:42:05.187559 #1738]  INFO -- : 0:  bundler (1.5.1) from /usr/local/rvm/gems/ruby-1.8.7-p374@rails2tutorial/specifications/bundler-1.5.1.gemspec
